#
# There is insufficient memory for the Java Runtime Environment to continue.
# Native memory allocation (mmap) failed to map 266338304 bytes for Failed to commit area from 0x0000000703200000 to 0x0000000713000000 of length 266338304.
# Possible reasons:
#   The system is out of physical RAM or swap space
#   The process is running with CompressedOops enabled, and the Java Heap may be blocking the growth of the native heap
# Possible solutions:
#   Reduce memory load on the system
#   Increase physical memory or swap space
#   Check if swap backing store is full
#   Decrease Java heap size (-Xmx/-Xms)
#   Decrease number of Java threads
#   Decrease Java thread stack sizes (-Xss)
#   Set larger code cache with -XX:ReservedCodeCacheSize=
# This output file may be truncated or incomplete.
#
#  Out of Memory Error (t:/workspace/open/src/hotspot/os/windows/os_windows.cpp:3269), pid=17564, tid=8844
#
# JRE version:  (11.0+28) (build )
# Java VM: OpenJDK 64-Bit Server VM (11+28, mixed mode, aot, sharing, tiered, compressed oops, g1 gc, windows-amd64)
# No core dump will be written. Minidumps are not enabled by default on client versions of Windows
#

---------------  S U M M A R Y ------------

Command Line: -ea -Dfile.encoding=UTF-8 org.eclipse.jdt.internal.junit.runner.RemoteTestRunner -version 3 -port 49755 -testLoaderClass org.eclipse.jdt.internal.junit4.runner.JUnit4TestLoader -loaderpluginname org.eclipse.jdt.junit4.runtime -classNames org.com.mvc.MemberTest

Host: Intel(R) Core(TM) i7-8565U CPU @ 1.80GHz, 8 cores, 15G,  Windows 10 , 64 bit Build 26100 (10.0.26100.3037)
Time: Sun Mar  9 00:19:56 2025 대한민국 표준시 elapsed time: 1 seconds (0d 0h 0m 1s)

---------------  T H R E A D  ---------------

Current thread (0x0000022b74f8a000):  JavaThread "Unknown thread" [_thread_in_vm, id=8844, stack(0x0000009ca6d00000,0x0000009ca6e00000)]

Stack: [0x0000009ca6d00000,0x0000009ca6e00000]
Native frames: (J=compiled Java code, j=interpreted, Vv=VM code, C=native code)
V  [jvm.dll+0x63adaa]
V  [jvm.dll+0x77852f]
V  [jvm.dll+0x779b18]
V  [jvm.dll+0x77a1d3]
V  [jvm.dll+0x2624c8]
V  [jvm.dll+0x63825a]
V  [jvm.dll+0x62cb15]
V  [jvm.dll+0x31563c]
V  [jvm.dll+0x3154c2]
V  [jvm.dll+0x31ad36]
V  [jvm.dll+0x36726f]
V  [jvm.dll+0x366c90]
V  [jvm.dll+0x2f2378]
V  [jvm.dll+0x2f34d6]
V  [jvm.dll+0x7517d7]
V  [jvm.dll+0x752f1f]
V  [jvm.dll+0x374099]
V  [jvm.dll+0x738059]
V  [jvm.dll+0x3e35fd]
V  [jvm.dll+0x3e5961]
C  [javaw.exe+0x3613]
C  [javaw.exe+0x17a6c]
C  [KERNEL32.DLL+0x2e8d7]
C  [ntdll.dll+0xbbf2c]


---------------  P R O C E S S  ---------------

Threads class SMR info:
_java_thread_list=0x0000022b7353d350, length=0, elements={
}

Java Threads: ( => current thread )

Other Threads:
  0x0000022b74fa0000 GCTaskThread "GC Thread#0" [stack: 0x0000009ca6e00000,0x0000009ca6f00000] [id=11000]
  0x0000022b74fff000 ConcurrentGCThread "G1 Main Marker" [stack: 0x0000009ca6f00000,0x0000009ca7000000] [id=13116]
  0x0000022b75002800 ConcurrentGCThread "G1 Conc#0" [stack: 0x0000009ca7000000,0x0000009ca7100000] [id=13492]

[error occurred during error reporting (printing all threads), id 0xc0000005, EXCEPTION_ACCESS_VIOLATION (0xc0000005) at pc=0x00007ffa483e0d37]

VM state:not at safepoint (not fully initialized)

VM Mutex/Monitor currently owned by a thread:  ([mutex/lock_event])
[0x0000022b74f86cc0] Heap_lock - owner thread: 0x0000022b74f8a000

Heap address: 0x0000000703200000, size: 4046 MB, Compressed Oops mode: Non-zero based: 0x0000000703200000
Narrow klass base: 0x0000000000000000, Narrow klass shift: 0

GC Heap History (0 events):
No events

Deoptimization events (0 events):
No events

Classes redefined (0 events):
No events

Internal exceptions (0 events):
No events

Events (0 events):
No events


Dynamic libraries:
0x00007ff6fbff0000 - 0x00007ff6fc035000 	C:\Program Files\Java\jdk-11\bin\javaw.exe
0x00007ffaa1780000 - 0x00007ffaa19e3000 	C:\WINDOWS\SYSTEM32\ntdll.dll
0x00007ffaa07c0000 - 0x00007ffaa0887000 	C:\WINDOWS\System32\KERNEL32.DLL
0x00007ffa9eb20000 - 0x00007ffa9eee7000 	C:\WINDOWS\System32\KERNELBASE.dll
0x00007ffaa04d0000 - 0x00007ffaa0699000 	C:\WINDOWS\System32\USER32.dll
0x00007ffa9f040000 - 0x00007ffa9f067000 	C:\WINDOWS\System32\win32u.dll
0x00007ffaa1540000 - 0x00007ffaa156a000 	C:\WINDOWS\System32\GDI32.dll
0x00007ffa9f310000 - 0x00007ffa9f43b000 	C:\WINDOWS\System32\gdi32full.dll
0x00007ffa9f070000 - 0x00007ffa9f113000 	C:\WINDOWS\System32\msvcp_win.dll
0x00007ffa9eef0000 - 0x00007ffa9f03c000 	C:\WINDOWS\System32\ucrtbase.dll
0x00007ffa81810000 - 0x00007ffa81aa0000 	C:\WINDOWS\WinSxS\amd64_microsoft.windows.common-controls_6595b64144ccf1df_6.0.26100.3037_none_3e09262ce333c378\COMCTL32.dll
0x00007ffaa0cd0000 - 0x00007ffaa0d79000 	C:\WINDOWS\System32\msvcrt.dll
0x00007ffaa1590000 - 0x00007ffaa15bf000 	C:\WINDOWS\System32\IMM32.DLL
0x00007ffa88560000 - 0x00007ffa88576000 	C:\Program Files\Java\jdk-11\bin\vcruntime140.dll
0x00007ffa85430000 - 0x00007ffa854da000 	C:\Program Files\Java\jdk-11\bin\msvcp140.dll
0x00007ffa480e0000 - 0x00007ffa48c21000 	C:\Program Files\Java\jdk-11\bin\server\jvm.dll
0x00007ffaa0d80000 - 0x00007ffaa0e34000 	C:\WINDOWS\System32\ADVAPI32.dll
0x00007ffaa09e0000 - 0x00007ffaa0a86000 	C:\WINDOWS\System32\sechost.dll
0x00007ffaa06a0000 - 0x00007ffaa07b6000 	C:\WINDOWS\System32\RPCRT4.dll
0x00007ffaa0940000 - 0x00007ffaa0948000 	C:\WINDOWS\System32\PSAPI.DLL
0x00007ffa8bce0000 - 0x00007ffa8bcea000 	C:\WINDOWS\SYSTEM32\WSOCK32.dll
0x00007ffa8d4a0000 - 0x00007ffa8d4d6000 	C:\WINDOWS\SYSTEM32\WINMM.dll
0x00007ffa96d20000 - 0x00007ffa96d2b000 	C:\WINDOWS\SYSTEM32\VERSION.dll
0x00007ffaa0c50000 - 0x00007ffaa0cc4000 	C:\WINDOWS\System32\WS2_32.dll
0x00007ffa9da60000 - 0x00007ffa9da7a000 	C:\WINDOWS\SYSTEM32\kernel.appcore.dll
0x00007ffa85c40000 - 0x00007ffa85c51000 	C:\Program Files\Java\jdk-11\bin\verify.dll
0x00007ffa9cbf0000 - 0x00007ffa9ce31000 	C:\WINDOWS\SYSTEM32\DBGHELP.DLL
0x00007ffaa1010000 - 0x00007ffaa138e000 	C:\WINDOWS\System32\combase.dll
0x00007ffaa03e0000 - 0x00007ffaa04b6000 	C:\WINDOWS\System32\OLEAUT32.dll
0x00007ffa9c370000 - 0x00007ffa9c3a9000 	C:\WINDOWS\SYSTEM32\dbgcore.DLL
0x00007ffa9f270000 - 0x00007ffa9f309000 	C:\WINDOWS\System32\bcryptPrimitives.dll
0x00007ffa720a0000 - 0x00007ffa720c8000 	C:\Program Files\Java\jdk-11\bin\java.dll
0x00007ffa520a0000 - 0x00007ffa520b6000 	C:\Program Files\Java\jdk-11\bin\zip.dll
0x00007ffa87de0000 - 0x00007ffa87dea000 	C:\Program Files\Java\jdk-11\bin\jimage.dll

dbghelp: loaded successfully - version: 4.0.5 - missing functions: none
symbol engine: initialized successfully - sym options: 0x614 - pdb path: .;C:\Program Files\Java\jdk-11\bin;C:\WINDOWS\SYSTEM32;C:\WINDOWS\WinSxS\amd64_microsoft.windows.common-controls_6595b64144ccf1df_6.0.26100.3037_none_3e09262ce333c378;C:\Program Files\Java\jdk-11\bin\server

VM Arguments:
jvm_args: -ea -Dfile.encoding=UTF-8 
java_command: org.eclipse.jdt.internal.junit.runner.RemoteTestRunner -version 3 -port 49755 -testLoaderClass org.eclipse.jdt.internal.junit4.runner.JUnit4TestLoader -loaderpluginname org.eclipse.jdt.junit4.runtime -classNames org.com.mvc.MemberTest
java_class_path (initial): D:\project\loc_project\workspace\goodluck\target\test-classes;D:\project\loc_project\workspace\goodluck\target\classes;C:\Users\dragon\.m2\repository\org\springframework\spring-context\5.2.5.RELEASE\spring-context-5.2.5.RELEASE.jar;C:\Users\dragon\.m2\repository\org\springframework\spring-aop\5.2.5.RELEASE\spring-aop-5.2.5.RELEASE.jar;C:\Users\dragon\.m2\repository\org\springframework\spring-beans\5.2.5.RELEASE\spring-beans-5.2.5.RELEASE.jar;C:\Users\dragon\.m2\repository\org\springframework\spring-core\5.2.5.RELEASE\spring-core-5.2.5.RELEASE.jar;C:\Users\dragon\.m2\repository\org\springframework\spring-jcl\5.2.5.RELEASE\spring-jcl-5.2.5.RELEASE.jar;C:\Users\dragon\.m2\repository\org\springframework\spring-expression\5.2.5.RELEASE\spring-expression-5.2.5.RELEASE.jar;C:\Users\dragon\.m2\repository\org\springframework\spring-webmvc\5.2.5.RELEASE\spring-webmvc-5.2.5.RELEASE.jar;C:\Users\dragon\.m2\repository\org\springframework\spring-web\5.2.5.RELEASE\spring-web-5.2.5.RELEASE.jar;C:\Users\dragon\.m2\repository\org\springframework\security\spring-security-web\5.0.7.RELEASE\spring-security-web-5.0.7.RELEASE.jar;C:\Users\dragon\.m2\repository\org\springframework\security\spring-security-config\5.0.7.RELEASE\spring-security-config-5.0.7.RELEASE.jar;C:\Users\dragon\.m2\repository\org\springframework\security\spring-security-core\5.0.7.RELEASE\spring-security-core-5.0.7.RELEASE.jar;C:\Users\dragon\.m2\repository\org\springframework\security\spring-security-taglibs\5.0.7.RELEASE\spring-security-taglibs-5.0.7.RELEASE.jar;C:\Users\dragon\.m2\repository\org\springframework\security\spring-security-acl\5.0.7.RELEASE\spring-security-acl-5.0.7.RELEASE.jar;C:\Users\dragon\.m2\repository\org\aspectj\aspectjrt\1.6.10\aspectjrt-1.6.10.jar;C:\Users\dragon\.m2\repository\org\slf4j\slf4j-api\1.6.6\slf4j-api-1.6.6.jar;C:\Users\dragon\.m2\repository\org\slf4j\jcl-over-slf4j\1.6.6\jcl-over-slf4j-1.6.6.jar;C:\Users\dragon\.m2\repository\org\slf4j\slf4j-log4j12\1.
Launcher Type: SUN_STANDARD

[Global flags]
     intx CICompilerCount                          = 4                                         {product} {ergonomic}
     uint ConcGCThreads                            = 2                                         {product} {ergonomic}
     uint G1ConcRefinementThreads                  = 8                                         {product} {ergonomic}
   size_t G1HeapRegionSize                         = 1048576                                   {product} {ergonomic}
    uintx GCDrainStackTargetSize                   = 64                                        {product} {ergonomic}
   size_t InitialHeapSize                          = 266338304                                 {product} {ergonomic}
   size_t MarkStackSize                            = 4194304                                   {product} {ergonomic}
   size_t MaxHeapSize                              = 4242538496                                {product} {ergonomic}
   size_t MinHeapDeltaBytes                        = 1048576                                   {product} {ergonomic}
    uintx NonNMethodCodeHeapSize                   = 5835340                                {pd product} {ergonomic}
    uintx NonProfiledCodeHeapSize                  = 122911450                              {pd product} {ergonomic}
    uintx ProfiledCodeHeapSize                     = 122911450                              {pd product} {ergonomic}
    uintx ReservedCodeCacheSize                    = 251658240                              {pd product} {ergonomic}
     bool SegmentedCodeCache                       = true                                      {product} {ergonomic}
     bool UseCompressedClassPointers               = true                                 {lp64_product} {ergonomic}
     bool UseCompressedOops                        = true                                 {lp64_product} {ergonomic}
     bool UseG1GC                                  = true                                      {product} {ergonomic}
     bool UseLargePagesIndividualAllocation        = false                                  {pd product} {ergonomic}

Logging:
Log output configuration:
 #0: stdout all=warning uptime,level,tags
 #1: stderr all=off uptime,level,tags

Environment Variables:
JAVA_HOME=C:\Program Files\Java\jdk-11
PATH=C:/Program Files/Java/jdk-11/bin/server;C:/Program Files/Java/jdk-11/bin;D:\app\dragon\product\11.2.0\dbhome_1\bin;C:\Program Files (x86)\Intel\Intel(R) Management Engine Components\iCLS\;C:\Program Files\Intel\Intel(R) Management Engine Components\iCLS\;C:\WINDOWS\system32;C:\WINDOWS;C:\WINDOWS\System32\Wbem;C:\WINDOWS\System32\WindowsPowerShell\v1.0\;C:\WINDOWS\System32\OpenSSH\;C:\Program Files (x86)\Intel\Intel(R) Management Engine Components\DAL;C:\Program Files\Intel\Intel(R) Management Engine Components\DAL;C:\Program Files\Java\jdk-11\bin;C:\Users\dragon\AppData\Local\Microsoft\WindowsApps;C:\Program Files\Bandizip\;;D:\project\loc_project\sts-3.9.17.RELEASE;
USERNAME=dragon
OS=Windows_NT
PROCESSOR_IDENTIFIER=Intel64 Family 6 Model 142 Stepping 11, GenuineIntel



---------------  S Y S T E M  ---------------

OS: Windows 10 , 64 bit Build 26100 (10.0.26100.3037)

CPU:total 8 (initial active 8) (4 cores per cpu, 2 threads per core) family 6 model 142 stepping 11, cmov, cx8, fxsr, mmx, sse, sse2, sse3, ssse3, sse4.1, sse4.2, popcnt, avx, avx2, aes, clmul, erms, 3dnowpref, lzcnt, ht, tsc, tscinvbit, bmi1, bmi2, adx, fma

Memory: 4k page, system-wide physical 16178M (6920M free)
TotalPageFile size 16178M (AvailPageFile size 217M)
current process WorkingSet (physical memory assigned to process): 12M, peak: 12M
current process commit charge ("private bytes"): 61M, peak: 314M

vm_info: OpenJDK 64-Bit Server VM (11+28) for windows-amd64 JRE (11+28), built on Aug 23 2018 03:04:58 by "mach5one" with MS VC++ 15.5 (VS2017)

END.
